<?xml version="1.0" encoding="UTF-8"?>
<testng-results skipped="0" failed="0" ignored="0" total="1" passed="1">
  <reporter-output>
  </reporter-output>
  <suite name="Default suite" duration-ms="40026" started-at="2017-05-07T18:51:58Z" finished-at="2017-05-07T18:52:38Z">
    <groups>
    </groups>
    <test name="Default test" duration-ms="40026" started-at="2017-05-07T18:51:58Z" finished-at="2017-05-07T18:52:38Z">
      <class name="com.electron.test.functional.TestLoginUS010">
        <test-method status="PASS" signature="setUp()[pri:0, instance:com.electron.test.functional.TestLoginUS010@1caeb3e]" name="setUp" is-config="true" duration-ms="26276" started-at="2017-05-08T00:21:59Z" finished-at="2017-05-08T00:22:25Z">
          <reporter-output>
          </reporter-output>
        </test-method> <!-- setUp -->
        <test-method status="PASS" signature="testLoginValidTC018()[pri:0, instance:com.electron.test.functional.TestLoginUS010@1caeb3e]" name="testLoginValidTC018" duration-ms="12991" started-at="2017-05-08T00:22:25Z" finished-at="2017-05-08T00:22:38Z">
          <reporter-output>
          </reporter-output>
        </test-method> <!-- testLoginValidTC018 -->
        <test-method status="PASS" signature="tearDown()[pri:0, instance:com.electron.test.functional.TestLoginUS010@1caeb3e]" name="tearDown" is-config="true" duration-ms="615" started-at="2017-05-08T00:22:38Z" finished-at="2017-05-08T00:22:38Z">
          <reporter-output>
          </reporter-output>
        </test-method> <!-- tearDown -->
      </class> <!-- com.electron.test.functional.TestLoginUS010 -->
    </test> <!-- Default test -->
  </suite> <!-- Default suite -->
</testng-results>
